<?xml version="1.0" encoding="UTF-8"?>
<!-- Generated by org.testng.reporters.JUnitReportReporter -->
<testsuite hostname="Acer-PV" failures="0" tests="1" name="AmazonAuto.AmanzonAuto.TodaysDeals" time="4.849" errors="0" timestamp="2024-11-20T10:41:20 IST" skipped="0">
  <testcase classname="AmazonAuto.AmanzonAuto.TodaysDeals" name="getTodaysDealItems" time="4.849"/>
</testsuite> <!-- AmazonAuto.AmanzonAuto.TodaysDeals -->
