<?xml version="1.0" encoding="UTF-8"?>
<!-- Generated by org.testng.reporters.JUnitReportReporter -->
<testsuite hostname="Acer-PV" failures="0" tests="1" name="AmazonAuto.TodaysDeals" time="4.859" errors="0" timestamp="2024-11-26T11:11:45 IST" skipped="0">
  <testcase classname="AmazonAuto.TodaysDeals" name="getTodaysDealItems" time="4.859"/>
</testsuite> <!-- AmazonAuto.TodaysDeals -->
